<?xml version="1.0" encoding="UTF-8"?>
<testsuites name="Craig Private Pinball Map Collection" tests="10" time="1.402">
  <testsuite name="Regions / Get location and machine counts" id="52ea2775-86f5-4c41-95ac-05687a067481" timestamp="2024-09-11T19:09:55.831Z" tests="3" failures="0" errors="0" time="0.264">
    <testcase name="Response status code is 200" time="0.264" classname="RegionsGetLocationAndMachineCounts"/>
    <testcase name="Response time is less than 500ms" time="0.264" classname="RegionsGetLocationAndMachineCounts"/>
    <testcase name="Response has the required fields - num_locations and num_lmxes" time="0.264" classname="RegionsGetLocationAndMachineCounts"/>
  </testsuite>
  <testsuite name="Regions / Fetch all regions" id="d7a26dbb-6464-4d74-9bcd-e6cbf17b568d" timestamp="2024-09-11T19:09:55.831Z" tests="3" failures="0" errors="0" time="0.116">
    <testcase name="Response status code is 200" time="0.116" classname="RegionsFetchAllRegions"/>
    <testcase name="Response time is less than 500ms" time="0.116" classname="RegionsFetchAllRegions"/>
    <testcase name="Validate the response schema for the presence of all required fields" time="0.116" classname="RegionsFetchAllRegions"/>
  </testsuite>
  <testsuite name="Regions / Find if name corresponds to a known region" id="b95ac1b7-d316-419d-a7eb-2b1a7b50f5ed" timestamp="2024-09-11T19:09:55.831Z" tests="5" failures="1" errors="0" time="0.079">
    <testcase name="Response status code is 200" time="0.079" classname="RegionsFindIfNameCorrespondsToAKnownRegion"/>
    <testcase name="Response time is within an acceptable range" time="0.079" classname="RegionsFindIfNameCorrespondsToAKnownRegion"/>
    <testcase name="Region object structure is as expected" time="0.079" classname="RegionsFindIfNameCorrespondsToAKnownRegion">
      <failure type="AssertionFailure" message="expected null to be a number">
        <![CDATA[Failed 1 times.]]>
        <![CDATA[Collection JSON ID: c0e8c839-7ec2-4d32-a577-5932b2a72304.]]>
        <![CDATA[Collection name: Craig Private Pinball Map Collection.]]>
        <![CDATA[Request name: Regions / Find if name corresponds to a known region.]]>
        <![CDATA[Test description: Region object structure is as expected.]]>
        <![CDATA[Error message: expected null to be a number.]]>
        <![CDATA[Stacktrace: AssertionError: expected null to be a number
   at Object.eval sandbox-script.js:3:3).]]>
      </failure>
    </testcase>
    <testcase name="All required fields in the 'region' object are present and not empty" time="0.079" classname="RegionsFindIfNameCorrespondsToAKnownRegion"/>
    <testcase name="Region object has correct data types for fields" time="0.079" classname="RegionsFindIfNameCorrespondsToAKnownRegion"/>
  </testsuite>
  <testsuite name="Machines / Fetch all machines" id="02509f61-a96c-4f61-a7db-3bfc62e9e057" timestamp="2024-09-11T19:09:55.831Z" tests="4" failures="0" errors="0" time="0.181">
    <testcase name="Response status code is 200" time="0.181" classname="MachinesFetchAllMachines"/>
    <testcase name="Response time is less than 500ms" time="0.181" classname="MachinesFetchAllMachines"/>
    <testcase name="Response has the required fields" time="0.181" classname="MachinesFetchAllMachines"/>
    <testcase name="Response content type is application/json" time="0.181" classname="MachinesFetchAllMachines"/>
  </testsuite>
  <testsuite name="Repeats / Regions Copy / Get location and machine counts" id="75daf0af-3692-439e-a33c-66f67213c3d6" timestamp="2024-09-11T19:09:55.831Z" tests="3" failures="0" errors="0" time="0.098">
    <testcase name="Response status code is 200" time="0.098" classname="RepeatsRegionsCopyGetLocationAndMachineCounts"/>
    <testcase name="Response time is less than 500ms" time="0.098" classname="RepeatsRegionsCopyGetLocationAndMachineCounts"/>
    <testcase name="Response has the required fields - num_locations and num_lmxes" time="0.098" classname="RepeatsRegionsCopyGetLocationAndMachineCounts"/>
  </testsuite>
  <testsuite name="Repeats / Regions Copy / Fetch all regions" id="f2233a81-fe23-4596-a1fe-ecd1744bcffb" timestamp="2024-09-11T19:09:55.831Z" tests="3" failures="0" errors="0" time="0.093">
    <testcase name="Response status code is 200" time="0.093" classname="RepeatsRegionsCopyFetchAllRegions"/>
    <testcase name="Response time is less than 500ms" time="0.093" classname="RepeatsRegionsCopyFetchAllRegions"/>
    <testcase name="Validate the response schema for the presence of all required fields" time="0.093" classname="RepeatsRegionsCopyFetchAllRegions"/>
  </testsuite>
  <testsuite name="Repeats / Regions Copy / Find if name corresponds to a known region" id="48cbd365-d22a-4b23-8c76-0d1b020d0483" timestamp="2024-09-11T19:09:55.831Z" tests="5" failures="1" errors="0" time="0.082">
    <testcase name="Response status code is 200" time="0.082" classname="RepeatsRegionsCopyFindIfNameCorrespondsToAKnownRegion"/>
    <testcase name="Response time is within an acceptable range" time="0.082" classname="RepeatsRegionsCopyFindIfNameCorrespondsToAKnownRegion"/>
    <testcase name="Region object structure is as expected" time="0.082" classname="RepeatsRegionsCopyFindIfNameCorrespondsToAKnownRegion">
      <failure type="AssertionFailure" message="expected null to be a number">
        <![CDATA[Failed 1 times.]]>
        <![CDATA[Collection JSON ID: c0e8c839-7ec2-4d32-a577-5932b2a72304.]]>
        <![CDATA[Collection name: Craig Private Pinball Map Collection.]]>
        <![CDATA[Request name: Repeats / Regions Copy / Find if name corresponds to a known region.]]>
        <![CDATA[Test description: Region object structure is as expected.]]>
        <![CDATA[Error message: expected null to be a number.]]>
        <![CDATA[Stacktrace: AssertionError: expected null to be a number
   at Object.eval sandbox-script.js:3:7).]]>
      </failure>
    </testcase>
    <testcase name="All required fields in the 'region' object are present and not empty" time="0.082" classname="RepeatsRegionsCopyFindIfNameCorrespondsToAKnownRegion"/>
    <testcase name="Region object has correct data types for fields" time="0.082" classname="RepeatsRegionsCopyFindIfNameCorrespondsToAKnownRegion"/>
  </testsuite>
  <testsuite name="Repeats / Machines Copy / Fetch all machines" id="e147e0bc-0250-4422-9ebf-37176b244490" timestamp="2024-09-11T19:09:55.831Z" tests="2" failures="0" errors="0" time="0.131">
    <testcase name="Response status code is 200" time="0.131" classname="RepeatsMachinesCopyFetchAllMachines"/>
    <testcase name="Response time is less than 500ms" time="0.131" classname="RepeatsMachinesCopyFetchAllMachines"/>
  </testsuite>
  <testsuite name="Deactivate a user Copy 2" id="7b5b5ed7-c569-4702-8cae-e786b22da56c" timestamp="2024-09-11T19:09:55.831Z" tests="0" failures="0" errors="0" time="0.060"/>
  <testsuite name="Deactivate a user Copy 3" id="a656d06f-3991-41ae-8f74-71987f4a1a9c" timestamp="2024-09-11T19:09:55.831Z" tests="0" failures="0" errors="0" time="0.061"/>
</testsuites>